app/build/intermediates/manifest_merge_blame_file/release/manifest-merger-blame-release-report.txt
1<?xml version="1.0" encoding="utf-8"?>
2<manifest xmlns:android="http://schemas.android.com/apk/res/android"
3    package="com.tiseno.poplook"
4    android:versionCode="122"
5    android:versionName="6.5.6" >
6
7    <uses-sdk
7-->src/main/AndroidManifest.xml:6:5-73
8        android:minSdkVersion="19"
8-->src/main/AndroidManifest.xml:6:5-73
9        android:targetSdkVersion="29" />
9-->src/main/AndroidManifest.xml:6:5-73
10
11    <!-- <uses-feature -->
12    <!-- android:glEsVersion="0x00020000" -->
13    <!-- android:required="true" /> -->
14
15    <uses-permission android:name="android.permission.INTERNET" />
15-->src/main/AndroidManifest.xml:12:5-67
15-->src/main/AndroidManifest.xml:12:22-64
16    <uses-permission android:name="android.permission.WRITE_EXTERNAL_STORAGE" />
16-->src/main/AndroidManifest.xml:13:5-81
16-->src/main/AndroidManifest.xml:13:22-78
17    <uses-permission android:name="android.permission.READ_PHONE_STATE" />
17-->src/main/AndroidManifest.xml:14:5-75
17-->src/main/AndroidManifest.xml:14:22-72
18    <uses-permission android:name="android.permission.ACCESS_NETWORK_STATE" />
18-->src/main/AndroidManifest.xml:15:5-79
18-->src/main/AndroidManifest.xml:15:22-76
19    <uses-permission android:name="android.permission.SYSTEM_ALERT_WINDOW" />
19-->src/main/AndroidManifest.xml:16:5-78
19-->src/main/AndroidManifest.xml:16:22-75
20    <uses-permission android:name="com.google.android.providers.gsf.permission.READ_GSERVICES" />
20-->src/main/AndroidManifest.xml:17:5-98
20-->src/main/AndroidManifest.xml:17:22-95
21    <uses-permission android:name="android.permission.READ_EXTERNAL_STORAGE" />
21-->src/main/AndroidManifest.xml:18:5-80
21-->src/main/AndroidManifest.xml:18:22-77
22    <uses-permission android:name="android.permission.ACCESS_WIFI_STATE" />
22-->src/main/AndroidManifest.xml:19:5-76
22-->src/main/AndroidManifest.xml:19:22-73
23    <uses-permission android:name="android.permission.ACCESS_FINE_LOCATION" />
23-->src/main/AndroidManifest.xml:20:5-78
23-->src/main/AndroidManifest.xml:20:22-76
24    <uses-permission android:name="android.permission.ACCESS_COARSE_LOCATION" />
24-->src/main/AndroidManifest.xml:21:5-80
24-->src/main/AndroidManifest.xml:21:22-78
25    <uses-permission android:name="android.permission.WAKE_LOCK" />
25-->src/main/AndroidManifest.xml:22:5-68
25-->src/main/AndroidManifest.xml:22:22-65
26    <uses-permission android:name="android.permission.GET_ACCOUNTS" />
26-->src/main/AndroidManifest.xml:23:5-71
26-->src/main/AndroidManifest.xml:23:22-68
27    <uses-permission android:name="android.permission.VIBRATE" />
27-->src/main/AndroidManifest.xml:24:5-66
27-->src/main/AndroidManifest.xml:24:22-63
28    <uses-permission android:name="android.permission.ACCESS_BACKGROUND_LOCATION" />
28-->src/main/AndroidManifest.xml:25:5-85
28-->src/main/AndroidManifest.xml:25:22-82
29
30    <!-- Required by older versions of Google Play services to create GCM registration tokens -->
31    <uses-permission android:name="com.google.android.c2dm.permission.RECEIVE" />
31-->[com.google.android.gms:play-services-gcm:17.0.0] AndroidManifest.xml:23:5-82
31-->[com.google.android.gms:play-services-gcm:17.0.0] AndroidManifest.xml:23:22-79
32    <uses-permission android:name="com.google.android.finsky.permission.BIND_GET_INSTALL_REFERRER_SERVICE" />
32-->[com.google.android.gms:play-services-measurement:17.2.2] AndroidManifest.xml:26:5-110
32-->[com.google.android.gms:play-services-measurement:17.2.2] AndroidManifest.xml:26:22-107
33    <uses-permission android:name="android.permission.CAMERA" />
33-->[io.card:android-sdk:5.4.2] AndroidManifest.xml:9:5-65
33-->[io.card:android-sdk:5.4.2] AndroidManifest.xml:9:22-62
34
35    <uses-feature
35-->[io.card:android-sdk:5.4.2] AndroidManifest.xml:12:5-14:36
36        android:name="android.hardware.camera"
36-->[io.card:android-sdk:5.4.2] AndroidManifest.xml:13:9-47
37        android:required="false" />
37-->[io.card:android-sdk:5.4.2] AndroidManifest.xml:14:9-33
38    <uses-feature
38-->[io.card:android-sdk:5.4.2] AndroidManifest.xml:15:5-17:36
39        android:name="android.hardware.camera.autofocus"
39-->[io.card:android-sdk:5.4.2] AndroidManifest.xml:16:9-57
40        android:required="false" /> <!-- PUSH NOTIFICATION PERMISSIONS -->
40-->[io.card:android-sdk:5.4.2] AndroidManifest.xml:17:9-33
41    <application
41-->src/main/AndroidManifest.xml:29:5-190:19
42        android:name="com.tiseno.poplook.POPLOOK"
42-->src/main/AndroidManifest.xml:30:9-32
43        android:allowBackup="false"
43-->src/main/AndroidManifest.xml:32:9-36
44        android:appComponentFactory="androidx.core.app.CoreComponentFactory"
44-->[androidx.core:core:1.1.0] AndroidManifest.xml:24:18-86
45        android:hardwareAccelerated="false"
45-->src/main/AndroidManifest.xml:34:9-44
46        android:icon="@drawable/ic_launcher_new"
46-->src/main/AndroidManifest.xml:33:9-49
47        android:label="@string/app_name"
47-->src/main/AndroidManifest.xml:35:9-41
48        android:largeHeap="true"
48-->src/main/AndroidManifest.xml:36:9-33
49        android:resizeableActivity="true"
49-->src/main/AndroidManifest.xml:39:9-42
50        android:screenOrientation="portrait"
50-->src/main/AndroidManifest.xml:37:9-45
51        android:supportsRtl="true"
51-->src/main/AndroidManifest.xml:38:9-35
52        android:theme="@style/AppTheme.NoActionBar"
52-->src/main/AndroidManifest.xml:41:9-52
53        android:usesCleartextTraffic="true" >
53-->src/main/AndroidManifest.xml:40:9-44
54        <activity
54-->src/main/AndroidManifest.xml:42:9-55:20
55            android:name="com.tiseno.poplook.MainActivity"
55-->src/main/AndroidManifest.xml:43:13-41
56            android:label="@string/app_name"
56-->src/main/AndroidManifest.xml:44:13-45
57            android:launchMode="singleTask"
57-->src/main/AndroidManifest.xml:45:13-44
58            android:resizeableActivity="true"
58-->src/main/AndroidManifest.xml:47:13-46
59            android:screenOrientation="portrait"
59-->src/main/AndroidManifest.xml:46:13-49
60            android:theme="@style/AppTheme.NoActionBar" >
60-->src/main/AndroidManifest.xml:48:13-56
61            <intent-filter>
61-->src/main/AndroidManifest.xml:49:13-54:29
62                <action android:name="android.intent.action.VIEW" />
62-->src/main/AndroidManifest.xml:50:17-69
62-->src/main/AndroidManifest.xml:50:25-66
63
64                <category android:name="android.intent.category.DEFAULT" />
64-->src/main/AndroidManifest.xml:51:17-76
64-->src/main/AndroidManifest.xml:51:27-73
65                <category android:name="android.intent.category.BROWSABLE" />
65-->src/main/AndroidManifest.xml:52:17-78
65-->src/main/AndroidManifest.xml:52:27-75
66
67                <data
67-->src/main/AndroidManifest.xml:53:17-104
68                    android:host="poplook.com"
68-->src/main/AndroidManifest.xml:53:45-71
69                    android:pathPrefix="/en/home"
69-->src/main/AndroidManifest.xml:53:72-101
70                    android:scheme="http" />
70-->src/main/AndroidManifest.xml:53:23-44
71            </intent-filter>
72        </activity>
73        <activity
73-->src/main/AndroidManifest.xml:56:9-61:49
74            android:name="com.tiseno.poplook.functions.TestHTML5WebView"
74-->src/main/AndroidManifest.xml:57:13-55
75            android:hardwareAccelerated="true"
75-->src/main/AndroidManifest.xml:61:13-47
76            android:label="@string/app_name"
76-->src/main/AndroidManifest.xml:58:13-45
77            android:screenOrientation="portrait"
77-->src/main/AndroidManifest.xml:59:13-49
78            android:theme="@style/AppTheme.NoActionBar" />
78-->src/main/AndroidManifest.xml:60:13-56
79        <activity
79-->src/main/AndroidManifest.xml:62:9-66:59
80            android:name="com.tiseno.poplook.CountryPickerFragment"
80-->src/main/AndroidManifest.xml:63:13-50
81            android:label="@string/app_name"
81-->src/main/AndroidManifest.xml:64:13-45
82            android:screenOrientation="portrait"
82-->src/main/AndroidManifest.xml:65:13-49
83            android:theme="@style/AppTheme.NoActionBar" />
83-->src/main/AndroidManifest.xml:66:13-56
84        <activity
84-->src/main/AndroidManifest.xml:67:9-71:59
85            android:name="com.tiseno.poplook.PaypalPaymentActivity"
85-->src/main/AndroidManifest.xml:68:13-50
86            android:label="@string/title_activity_paypal_payment"
86-->src/main/AndroidManifest.xml:69:13-66
87            android:screenOrientation="portrait"
87-->src/main/AndroidManifest.xml:70:13-49
88            android:theme="@style/AppTheme.NoActionBar" />
88-->src/main/AndroidManifest.xml:71:13-56
89
90        <!-- PAYPAL -->
91        <service
91-->src/main/AndroidManifest.xml:74:9-76:40
92            android:name="com.paypal.android.sdk.payments.PayPalService"
92-->src/main/AndroidManifest.xml:75:13-73
93            android:exported="false" />
93-->src/main/AndroidManifest.xml:76:13-37
94
95        <activity
95-->src/main/AndroidManifest.xml:78:9-81:59
96            android:name="com.paypal.android.sdk.payments.PaymentActivity"
96-->src/main/AndroidManifest.xml:79:13-75
97            android:screenOrientation="portrait"
97-->src/main/AndroidManifest.xml:80:13-49
98            android:theme="@style/AppTheme.NoActionBar" />
98-->src/main/AndroidManifest.xml:81:13-56
99        <activity
99-->src/main/AndroidManifest.xml:82:9-85:59
100            android:name="com.paypal.android.sdk.payments.LoginActivity"
100-->src/main/AndroidManifest.xml:83:13-73
101            android:screenOrientation="portrait"
101-->src/main/AndroidManifest.xml:84:13-49
102            android:theme="@style/AppTheme.NoActionBar" />
102-->src/main/AndroidManifest.xml:85:13-56
103        <activity
103-->src/main/AndroidManifest.xml:86:9-89:59
104            android:name="com.paypal.android.sdk.payments.PaymentMethodActivity"
104-->src/main/AndroidManifest.xml:87:13-81
105            android:screenOrientation="portrait"
105-->src/main/AndroidManifest.xml:88:13-49
106            android:theme="@style/AppTheme.NoActionBar" />
106-->src/main/AndroidManifest.xml:89:13-56
107        <activity
107-->src/main/AndroidManifest.xml:90:9-93:59
108            android:name="com.paypal.android.sdk.payments.PaymentConfirmActivity"
108-->src/main/AndroidManifest.xml:91:13-82
109            android:screenOrientation="portrait"
109-->src/main/AndroidManifest.xml:92:13-49
110            android:theme="@style/AppTheme.NoActionBar" />
110-->src/main/AndroidManifest.xml:93:13-56
111        <activity
111-->src/main/AndroidManifest.xml:94:9-97:59
112            android:name="io.card.payment.CardIOActivity"
112-->src/main/AndroidManifest.xml:95:13-58
113            android:configChanges="keyboardHidden|orientation"
113-->[io.card:android-sdk:5.4.2] AndroidManifest.xml:22:13-63
114            android:screenOrientation="portrait"
114-->src/main/AndroidManifest.xml:96:13-49
115            android:theme="@style/AppTheme.NoActionBar" />
115-->src/main/AndroidManifest.xml:97:13-56
116        <activity
116-->src/main/AndroidManifest.xml:98:9-101:59
117            android:name="io.card.payment.DataEntryActivity"
117-->src/main/AndroidManifest.xml:99:13-61
118            android:screenOrientation="portrait"
118-->src/main/AndroidManifest.xml:100:13-49
119            android:theme="@style/AppTheme.NoActionBar" />
119-->src/main/AndroidManifest.xml:101:13-56
120        <!-- PAYPAL -->
121
122
123        <!-- IPAY88 -->
124
125
126        <!-- <activity -->
127        <!-- android:name="my.com.ipay88.androidsdkmerchanthosted.IPayMHActivity" -->
128        <!-- android:configChanges="orientation|screenSize" /> -->
129
130        <activity
130-->src/main/AndroidManifest.xml:112:9-115:16
131            android:name="com.ipay.IPayIHActivity"
131-->src/main/AndroidManifest.xml:113:13-51
132            android:configChanges="orientation|screenSize" />
132-->src/main/AndroidManifest.xml:114:13-59
133        <activity
133-->src/main/AndroidManifest.xml:116:9-119:15
134            android:name="com.ipay.IPayIHAcitivityR"
134-->src/main/AndroidManifest.xml:117:13-53
135            android:configChanges="orientation|screenSize" />
135-->src/main/AndroidManifest.xml:118:13-59
136        <!-- IPAY88 -->
137
138        <activity
138-->src/main/AndroidManifest.xml:122:9-126:59
139            android:name="com.tiseno.poplook.IPay88PaymentActivity"
139-->src/main/AndroidManifest.xml:123:13-50
140            android:label="@string/title_activity_ipay88_payment"
140-->src/main/AndroidManifest.xml:124:13-66
141            android:screenOrientation="portrait"
141-->src/main/AndroidManifest.xml:125:13-49
142            android:theme="@style/AppTheme.NoActionBar" />
142-->src/main/AndroidManifest.xml:126:13-56
143
144        <service android:name="com.tiseno.poplook.functions.MyFcmListenerService" >
144-->src/main/AndroidManifest.xml:128:9-133:19
144-->src/main/AndroidManifest.xml:129:13-59
145            <intent-filter>
145-->src/main/AndroidManifest.xml:130:13-132:29
146                <action android:name="com.google.firebase.MESSAGING_EVENT" />
146-->src/main/AndroidManifest.xml:131:17-78
146-->src/main/AndroidManifest.xml:131:25-75
147            </intent-filter>
148        </service>
149        <!--
150      FirebaseInstanceIdService performs security checks at runtime,
151      no need for explicit permissions despite exported="true"
152        -->
153        <!-- <service android:name=".functions.MyFcmListenerService" android:exported="true"> -->
154        <!-- <intent-filter> -->
155        <!-- <action android:name="com.google.firebase.INSTANCE_ID_EVENT"/> -->
156        <!-- </intent-filter> -->
157        <!-- </service> -->
158        <!-- &lt;!&ndash; [START gcm_listener] &ndash;&gt; -->
159
160        <service
160-->src/main/AndroidManifest.xml:143:9-145:40
161            android:name="com.tiseno.poplook.functions.RegistrationIntentService"
161-->src/main/AndroidManifest.xml:144:13-64
162            android:exported="false" />
162-->src/main/AndroidManifest.xml:145:13-37
163
164        <activity
164-->src/main/AndroidManifest.xml:147:9-151:59
165            android:name="com.tiseno.poplook.ENetsPaymentActivity"
165-->src/main/AndroidManifest.xml:148:13-49
166            android:label="@string/title_activity_enets_payment"
166-->src/main/AndroidManifest.xml:149:13-65
167            android:screenOrientation="portrait"
167-->src/main/AndroidManifest.xml:150:13-49
168            android:theme="@style/AppTheme.NoActionBar" />
168-->src/main/AndroidManifest.xml:151:13-56
169        <activity
169-->src/main/AndroidManifest.xml:152:9-156:59
170            android:name="com.tiseno.poplook.functions.EGHLStart"
170-->src/main/AndroidManifest.xml:153:13-48
171            android:label="eGHL Payment"
171-->src/main/AndroidManifest.xml:154:13-41
172            android:screenOrientation="portrait"
172-->src/main/AndroidManifest.xml:155:13-49
173            android:theme="@style/AppTheme.NoActionBar" />
173-->src/main/AndroidManifest.xml:156:13-56
174        <activity
174-->src/main/AndroidManifest.xml:157:9-161:59
175            android:name="com.tiseno.poplook.functions.EGHLSaleResult"
175-->src/main/AndroidManifest.xml:158:13-53
176            android:label="eGHL Payment Result"
176-->src/main/AndroidManifest.xml:159:13-48
177            android:screenOrientation="portrait"
177-->src/main/AndroidManifest.xml:160:13-49
178            android:theme="@style/AppTheme.NoActionBar" />
178-->src/main/AndroidManifest.xml:161:13-56
179        <activity
179-->src/main/AndroidManifest.xml:162:9-165:59
180            android:name="com.tiseno.poplook.ChooseCountryActivity"
180-->src/main/AndroidManifest.xml:163:13-50
181            android:screenOrientation="portrait"
181-->src/main/AndroidManifest.xml:164:13-49
182            android:theme="@style/AppTheme.NoActionBar" />
182-->src/main/AndroidManifest.xml:165:13-56
183        <activity
183-->src/main/AndroidManifest.xml:166:9-176:20
184            android:name="com.tiseno.poplook.SplashActivity"
184-->src/main/AndroidManifest.xml:167:13-43
185            android:launchMode="singleInstance"
185-->src/main/AndroidManifest.xml:168:13-48
186            android:screenOrientation="portrait" >
186-->src/main/AndroidManifest.xml:169:13-49
187            <intent-filter>
187-->src/main/AndroidManifest.xml:171:13-175:29
188                <action android:name="android.intent.action.MAIN" />
188-->src/main/AndroidManifest.xml:172:17-69
188-->src/main/AndroidManifest.xml:172:25-66
189
190                <category android:name="android.intent.category.LAUNCHER" />
190-->src/main/AndroidManifest.xml:174:17-77
190-->src/main/AndroidManifest.xml:174:27-74
191            </intent-filter>
192        </activity>
193        <activity android:name="com.tiseno.poplook.ChooseCountryActivity2" />
193-->src/main/AndroidManifest.xml:177:9-60
193-->src/main/AndroidManifest.xml:177:19-57
194
195        <meta-data
195-->src/main/AndroidManifest.xml:179:9-107
196            android:name="com.facebook.sdk.ApplicationId"
196-->src/main/AndroidManifest.xml:179:20-65
197            android:value="@string/facebook_app_id" />
197-->src/main/AndroidManifest.xml:179:66-105
198        <meta-data
198-->src/main/AndroidManifest.xml:181:9-182:35
199            android:name="com.facebook.sdk.AutoLogAppEventsEnabled"
199-->src/main/AndroidManifest.xml:181:20-75
200            android:value="true" />
200-->src/main/AndroidManifest.xml:182:13-33
201        <meta-data
201-->src/main/AndroidManifest.xml:183:9-184:35
202            android:name="com.facebook.sdk.AutoInitEnabled"
202-->src/main/AndroidManifest.xml:183:20-67
203            android:value="true" />
203-->src/main/AndroidManifest.xml:184:13-33
204        <meta-data
204-->src/main/AndroidManifest.xml:185:9-186:35
205            android:name="com.facebook.sdk.AdvertiserIDCollectionEnabled"
205-->src/main/AndroidManifest.xml:185:20-81
206            android:value="true" />
206-->src/main/AndroidManifest.xml:186:13-33
207        <meta-data
207-->src/main/AndroidManifest.xml:187:9-189:69
208            android:name="com.google.android.gms.ads.APPLICATION_ID"
208-->src/main/AndroidManifest.xml:188:13-69
209            android:value="ca-app-pub-7719270692211726~2806079163" />
209-->src/main/AndroidManifest.xml:189:13-67
210
211        <activity
211-->[:eghl-sdk-v2.2.9] AndroidManifest.xml:17:9-19:62
212            android:name="com.eghl.sdk.payment.PaymentActivity"
212-->[:eghl-sdk-v2.2.9] AndroidManifest.xml:18:13-64
213            android:configChanges="orientation|screenSize" />
213-->[:eghl-sdk-v2.2.9] AndroidManifest.xml:19:13-59
214        <activity
214-->[:eghl-sdk-v2.2.9] AndroidManifest.xml:20:9-22:62
215            android:name="com.eghl.sdk.masterpass.MasterPassActivity"
215-->[:eghl-sdk-v2.2.9] AndroidManifest.xml:21:13-70
216            android:configChanges="orientation|screenSize" />
216-->[:eghl-sdk-v2.2.9] AndroidManifest.xml:22:13-59
217        <activity android:name="com.eghl.sdk.popup.PopupActivity" />
217-->[:eghl-sdk-v2.2.9] AndroidManifest.xml:23:9-69
217-->[:eghl-sdk-v2.2.9] AndroidManifest.xml:23:19-66
218
219        <provider
219-->[com.crashlytics.sdk.android:crashlytics:2.10.1] AndroidManifest.xml:19:9-23:38
220            android:name="com.crashlytics.android.CrashlyticsInitProvider"
220-->[com.crashlytics.sdk.android:crashlytics:2.10.1] AndroidManifest.xml:20:13-75
221            android:authorities="com.tiseno.poplook.crashlyticsinitprovider"
221-->[com.crashlytics.sdk.android:crashlytics:2.10.1] AndroidManifest.xml:21:13-75
222            android:exported="false"
222-->[com.crashlytics.sdk.android:crashlytics:2.10.1] AndroidManifest.xml:22:13-37
223            android:initOrder="90" />
223-->[com.crashlytics.sdk.android:crashlytics:2.10.1] AndroidManifest.xml:23:13-35
224
225        <activity
225-->[com.karumi:dexter:2.3.1] AndroidManifest.xml:27:9-30:56
226            android:name="com.karumi.dexter.DexterActivity"
226-->[com.karumi:dexter:2.3.1] AndroidManifest.xml:28:13-60
227            android:launchMode="singleTask"
227-->[com.karumi:dexter:2.3.1] AndroidManifest.xml:29:13-44
228            android:theme="@style/Theme.Transparent" />
228-->[com.karumi:dexter:2.3.1] AndroidManifest.xml:30:13-53
229        <activity
229-->[com.facebook.android:facebook-common:5.15.3] AndroidManifest.xml:30:9-33:66
230            android:name="com.facebook.FacebookActivity"
230-->[com.facebook.android:facebook-common:5.15.3] AndroidManifest.xml:31:13-57
231            android:configChanges="keyboard|keyboardHidden|screenLayout|screenSize|orientation"
231-->[com.facebook.android:facebook-common:5.15.3] AndroidManifest.xml:32:13-96
232            android:theme="@style/com_facebook_activity_theme" />
232-->[com.facebook.android:facebook-common:5.15.3] AndroidManifest.xml:33:13-63
233        <activity android:name="com.facebook.CustomTabMainActivity" />
233-->[com.facebook.android:facebook-common:5.15.3] AndroidManifest.xml:34:9-71
233-->[com.facebook.android:facebook-common:5.15.3] AndroidManifest.xml:34:19-68
234        <activity
234-->[com.facebook.android:facebook-common:5.15.3] AndroidManifest.xml:35:9-49:20
235            android:name="com.facebook.CustomTabActivity"
235-->[com.facebook.android:facebook-common:5.15.3] AndroidManifest.xml:36:13-58
236            android:exported="true" >
236-->[com.facebook.android:facebook-common:5.15.3] AndroidManifest.xml:37:13-36
237            <intent-filter>
237-->[com.facebook.android:facebook-common:5.15.3] AndroidManifest.xml:39:13-48:29
238                <action android:name="android.intent.action.VIEW" />
238-->src/main/AndroidManifest.xml:50:17-69
238-->src/main/AndroidManifest.xml:50:25-66
239
240                <category android:name="android.intent.category.DEFAULT" />
240-->src/main/AndroidManifest.xml:51:17-76
240-->src/main/AndroidManifest.xml:51:27-73
241                <category android:name="android.intent.category.BROWSABLE" />
241-->src/main/AndroidManifest.xml:52:17-78
241-->src/main/AndroidManifest.xml:52:27-75
242
243                <data
243-->src/main/AndroidManifest.xml:53:17-104
244                    android:host="cct.com.tiseno.poplook"
244-->src/main/AndroidManifest.xml:53:45-71
245                    android:scheme="fbconnect" />
245-->src/main/AndroidManifest.xml:53:23-44
246            </intent-filter>
247        </activity>
248        <activity android:name="com.paypal.android.sdk.payments.PayPalFuturePaymentActivity" />
248-->[com.paypal.sdk:paypal-android-sdk:2.15.1] AndroidManifest.xml:17:9-96
248-->[com.paypal.sdk:paypal-android-sdk:2.15.1] AndroidManifest.xml:17:19-93
249        <activity android:name="com.paypal.android.sdk.payments.FuturePaymentConsentActivity" />
249-->[com.paypal.sdk:paypal-android-sdk:2.15.1] AndroidManifest.xml:18:9-97
249-->[com.paypal.sdk:paypal-android-sdk:2.15.1] AndroidManifest.xml:18:19-94
250        <activity android:name="com.paypal.android.sdk.payments.FuturePaymentInfoActivity" />
250-->[com.paypal.sdk:paypal-android-sdk:2.15.1] AndroidManifest.xml:19:9-94
250-->[com.paypal.sdk:paypal-android-sdk:2.15.1] AndroidManifest.xml:19:19-91
251        <activity android:name="com.paypal.android.sdk.payments.PayPalProfileSharingActivity" />
251-->[com.paypal.sdk:paypal-android-sdk:2.15.1] AndroidManifest.xml:20:9-97
251-->[com.paypal.sdk:paypal-android-sdk:2.15.1] AndroidManifest.xml:20:19-94
252        <activity android:name="com.paypal.android.sdk.payments.ProfileSharingConsentActivity" />
252-->[com.paypal.sdk:paypal-android-sdk:2.15.1] AndroidManifest.xml:21:9-98
252-->[com.paypal.sdk:paypal-android-sdk:2.15.1] AndroidManifest.xml:21:19-95
253
254        <service
254-->[com.google.firebase:firebase-database:19.2.1] AndroidManifest.xml:29:9-35:19
255            android:name="com.google.firebase.components.ComponentDiscoveryService"
255-->[com.google.firebase:firebase-database:19.2.1] AndroidManifest.xml:30:13-84
256            android:directBootAware="true"
256-->[com.google.firebase:firebase-common:19.3.0] AndroidManifest.xml:34:13-43
257            android:exported="false" >
257-->[com.google.firebase:firebase-database:19.2.1] AndroidManifest.xml:31:13-37
258            <meta-data
258-->[com.google.firebase:firebase-database:19.2.1] AndroidManifest.xml:32:13-34:85
259                android:name="com.google.firebase.components:com.google.firebase.database.DatabaseRegistrar"
259-->[com.google.firebase:firebase-database:19.2.1] AndroidManifest.xml:33:17-109
260                android:value="com.google.firebase.components.ComponentRegistrar" />
260-->[com.google.firebase:firebase-database:19.2.1] AndroidManifest.xml:34:17-82
261            <meta-data
261-->[com.google.firebase:firebase-crash:16.2.1] AndroidManifest.xml:26:13-28:85
262                android:name="com.google.firebase.components:com.google.firebase.crash.component.FirebaseCrashRegistrar"
262-->[com.google.firebase:firebase-crash:16.2.1] AndroidManifest.xml:27:17-121
263                android:value="com.google.firebase.components.ComponentRegistrar" />
263-->[com.google.firebase:firebase-crash:16.2.1] AndroidManifest.xml:28:17-82
264            <meta-data
264-->[com.google.firebase:firebase-config:19.1.1] AndroidManifest.xml:32:13-34:85
265                android:name="com.google.firebase.components:com.google.firebase.remoteconfig.RemoteConfigRegistrar"
265-->[com.google.firebase:firebase-config:19.1.1] AndroidManifest.xml:33:17-117
266                android:value="com.google.firebase.components.ComponentRegistrar" />
266-->[com.google.firebase:firebase-config:19.1.1] AndroidManifest.xml:34:17-82
267            <meta-data
267-->[com.google.firebase:firebase-messaging:20.1.0] AndroidManifest.xml:38:13-40:85
268                android:name="com.google.firebase.components:com.google.firebase.messaging.FirebaseMessagingRegistrar"
268-->[com.google.firebase:firebase-messaging:20.1.0] AndroidManifest.xml:39:17-119
269                android:value="com.google.firebase.components.ComponentRegistrar" />
269-->[com.google.firebase:firebase-messaging:20.1.0] AndroidManifest.xml:40:17-82
270            <meta-data
270-->[com.google.firebase:firebase-auth:19.2.0] AndroidManifest.xml:36:13-38:85
271                android:name="com.google.firebase.components:com.google.firebase.auth.FirebaseAuthRegistrar"
271-->[com.google.firebase:firebase-auth:19.2.0] AndroidManifest.xml:37:17-109
272                android:value="com.google.firebase.components.ComponentRegistrar" />
272-->[com.google.firebase:firebase-auth:19.2.0] AndroidManifest.xml:38:17-82
273            <meta-data
273-->[com.google.firebase:firebase-abt:19.0.1] AndroidManifest.xml:13:13-15:85
274                android:name="com.google.firebase.components:com.google.firebase.abt.component.AbtRegistrar"
274-->[com.google.firebase:firebase-abt:19.0.1] AndroidManifest.xml:14:17-109
275                android:value="com.google.firebase.components.ComponentRegistrar" />
275-->[com.google.firebase:firebase-abt:19.0.1] AndroidManifest.xml:15:17-82
276            <meta-data
276-->[com.google.android.gms:play-services-measurement-api:17.2.2] AndroidManifest.xml:30:13-32:85
277                android:name="com.google.firebase.components:com.google.firebase.analytics.connector.internal.AnalyticsConnectorRegistrar"
277-->[com.google.android.gms:play-services-measurement-api:17.2.2] AndroidManifest.xml:31:17-139
278                android:value="com.google.firebase.components.ComponentRegistrar" />
278-->[com.google.android.gms:play-services-measurement-api:17.2.2] AndroidManifest.xml:32:17-82
279            <meta-data
279-->[com.google.firebase:firebase-iid:20.0.2] AndroidManifest.xml:32:13-34:85
280                android:name="com.google.firebase.components:com.google.firebase.iid.Registrar"
280-->[com.google.firebase:firebase-iid:20.0.2] AndroidManifest.xml:33:17-96
281                android:value="com.google.firebase.components.ComponentRegistrar" />
281-->[com.google.firebase:firebase-iid:20.0.2] AndroidManifest.xml:34:17-82
282            <meta-data
282-->[com.google.firebase:firebase-datatransport:17.0.3] AndroidManifest.xml:28:13-30:85
283                android:name="com.google.firebase.components:com.google.firebase.datatransport.TransportRegistrar"
283-->[com.google.firebase:firebase-datatransport:17.0.3] AndroidManifest.xml:29:17-115
284                android:value="com.google.firebase.components.ComponentRegistrar" />
284-->[com.google.firebase:firebase-datatransport:17.0.3] AndroidManifest.xml:30:17-82
285            <meta-data
285-->[com.google.firebase:firebase-dynamic-links:17.0.0] AndroidManifest.xml:9:13-11:85
286                android:name="com.google.firebase.components:com.google.firebase.dynamiclinks.internal.FirebaseDynamicLinkRegistrar"
286-->[com.google.firebase:firebase-dynamic-links:17.0.0] AndroidManifest.xml:10:17-133
287                android:value="com.google.firebase.components.ComponentRegistrar" />
287-->[com.google.firebase:firebase-dynamic-links:17.0.0] AndroidManifest.xml:11:17-82
288        </service>
289        <!--
290             FirebaseMessagingService performs security checks at runtime,
291             but set to not exported to explicitly avoid allowing another app to call it.
292        -->
293        <service
293-->[com.google.firebase:firebase-messaging:20.1.0] AndroidManifest.xml:28:9-34:19
294            android:name="com.google.firebase.messaging.FirebaseMessagingService"
294-->[com.google.firebase:firebase-messaging:20.1.0] AndroidManifest.xml:29:13-82
295            android:exported="false" >
295-->[com.google.firebase:firebase-messaging:20.1.0] AndroidManifest.xml:30:13-37
296            <intent-filter android:priority="-500" >
296-->src/main/AndroidManifest.xml:130:13-132:29
297                <action android:name="com.google.firebase.MESSAGING_EVENT" />
297-->src/main/AndroidManifest.xml:131:17-78
297-->src/main/AndroidManifest.xml:131:25-75
298            </intent-filter>
299        </service>
300
301        <activity